AMALGKIT version: 0.12.19
AMALGKIT command: /Users/4d/Documents/GitHub/metainformant/.venv/bin/amalgkit sanity --out_dir /Users/4d/Documents/GitHub/metainformant/output/amalgkit/pbarbatus/work
AMALGKIT bug report: https://github.com/kfuku52/amalgkit/issues
amalgkit sanity: start
2025-08-11 07:18:21.236759: Loading metadata from: /Users/4d/Documents/GitHub/metainformant/output/amalgkit/pbarbatus/work/metadata/metadata.tsv
Checking essential entries from metadata file.
1  species detected:
['Pogonomyrmex barbatus']
83  SRA runs detected:
['SRR14740487' 'SRR14740488' 'SRR14740489' 'SRR14740490' 'SRR14740491'
 'SRR14740492' 'SRR14740493' 'SRR14740494' 'SRR14740495' 'SRR14740496'
 'SRR14740497' 'SRR14740498' 'SRR14740499' 'SRR14740500' 'SRR14740501'
 'SRR14740502' 'SRR14740503' 'SRR14740504' 'SRR14740505' 'SRR14740506'
 'SRR14740507' 'SRR14740508' 'SRR14740509' 'SRR14740510' 'SRR14740511'
 'SRR14740512' 'SRR14740513' 'SRR14740514' 'SRR14740515' 'SRR14740516'
 'SRR14740517' 'SRR14740518' 'SRR14740519' 'SRR14740520' 'SRR14740521'
 'SRR14740522' 'SRR14740523' 'SRR14740524' 'SRR14740525' 'SRR14740526'
 'SRR14740527' 'SRR14740528' 'SRR14740529' 'SRR14740530' 'SRR14740531'
 'SRR14740532' 'SRR14740533' 'SRR14740534' 'SRR14740535' 'SRR14740536'
 'SRR14740537' 'SRR14740538' 'SRR14740539' 'SRR14740540' 'SRR14740541'
 'SRR14740542' 'SRR14740543' 'SRR14740544' 'SRR14740545' 'SRR14740546'
 'SRR14740547' 'SRR14740548' 'SRR14740549' 'SRR14740550' 'SRR14740551'
 'SRR1814129' 'SRR1814138' 'SRR1817174' 'SRR1817175' 'SRR1817176'
 'SRR1817177' 'SRR1817178' 'SRR1817179' 'SRR1817180' 'SRR1817181'
 'SRR1817182' 'SRR1817183' 'SRR1817185' 'SRR1817186' 'SRR1817187'
 'SRR1817188' 'SRR1817189' 'SRR1910415']
Time elapsed: 0 sec
amalgkit sanity: end
