Traceback (most recent call last):
  File "/Users/4d/miniforge3/bin/amalgkit", line 398, in <module>
    args.handler(args)
  File "/Users/4d/miniforge3/bin/amalgkit", line 51, in command_quant
    quant_main(args)
  File "/Users/4d/miniforge3/lib/python3.12/site-packages/amalgkit/quant.py", line 186, in quant_main
    metadata = load_metadata(args)
               ^^^^^^^^^^^^^^^^^^^
  File "/Users/4d/miniforge3/lib/python3.12/site-packages/amalgkit/util.py", line 389, in load_metadata
    df = pandas.read_csv(real_path, sep='\t', header=0, low_memory=False)
         ^^^^^^^^^^^^^^^^^^^^^^^^^^^^^^^^^^^^^^^^^^^^^^^^^^^^^^^^^^^^^^^^
  File "/Users/4d/miniforge3/lib/python3.12/site-packages/pandas/io/parsers/readers.py", line 1026, in read_csv
    return _read(filepath_or_buffer, kwds)
           ^^^^^^^^^^^^^^^^^^^^^^^^^^^^^^^
  File "/Users/4d/miniforge3/lib/python3.12/site-packages/pandas/io/parsers/readers.py", line 620, in _read
    parser = TextFileReader(filepath_or_buffer, **kwds)
             ^^^^^^^^^^^^^^^^^^^^^^^^^^^^^^^^^^^^^^^^^^
  File "/Users/4d/miniforge3/lib/python3.12/site-packages/pandas/io/parsers/readers.py", line 1620, in __init__
    self._engine = self._make_engine(f, self.engine)
                   ^^^^^^^^^^^^^^^^^^^^^^^^^^^^^^^^^
  File "/Users/4d/miniforge3/lib/python3.12/site-packages/pandas/io/parsers/readers.py", line 1880, in _make_engine
    self.handles = get_handle(
                   ^^^^^^^^^^^
  File "/Users/4d/miniforge3/lib/python3.12/site-packages/pandas/io/common.py", line 873, in get_handle
    handle = open(
             ^^^^^
FileNotFoundError: [Errno 2] No such file or directory: '/Users/4d/Documents/GitHub/metainformant/output/amalgkit/pbarbatus/quant/metadata/metadata.tsv'
