AMALGKIT version: 0.12.19
AMALGKIT command: /Users/4d/miniforge3/bin/amalgkit getfastq --metadata /Users/4d/Documents/GitHub/metainformant/output/amalgkit/pbarbatus/work/metadata/metadata.filtered.tissue.tsv --out_dir /Users/4d/Documents/GitHub/metainformant/output/amalgkit/pbarbatus/fastq --threads 6 --pfd no --prefetch_exe /opt/homebrew/bin/prefetch --redo yes
AMALGKIT bug report: https://github.com/kfuku52/amalgkit/issues
amalgkit getfastq: start
SeqKit dependency satisfied. Moving on.
2025-08-10 14:56:26.721263: Loading metadata from: /Users/4d/Documents/GitHub/metainformant/output/amalgkit/pbarbatus/work/metadata/metadata.filtered.tissue.tsv
Individual SRA size of SRR14740487: 7,823,434,800.0 bp
Individual SRA size of SRR14740488: 8,125,547,700.0 bp
Individual SRA size of SRR14740489: 9,297,122,700.0 bp
Individual SRA size of SRR14740490: 8,496,461,700.0 bp
Individual SRA size of SRR14740491: 7,776,993,000.0 bp
Individual SRA size of SRR14740492: 7,906,436,100.0 bp
Individual SRA size of SRR14740493: 7,595,032,800.0 bp
Individual SRA size of SRR1817176: 1,500,835,650.0 bp
Individual SRA size of SRR1817175: 1,246,562,250.0 bp
Individual SRA size of SRR1817174: 1,548,054,750.0 bp
Individual SRA size of SRR1814138: 1,768,726,350.0 bp
Individual SRA size of SRR1814129: 1,859,763,300.0 bp
Individual SRA size of SRR1910415: 1,334,284,650.0 bp
Number of SRAs to be processed: 13
Total target size (--max_bp): 999,999,999,999,999 bp
The sum of SRA sizes: 66,279,255,750.0 bp
Target size per SRA: 76,923,076,923,076 bp

Processing SRA ID: SRR14740487
spot_length cannot be obtained directly from metadata. Using total_bases/total_spots instead: 300
Library layout: paired
Number of reads: 26,078,116
Single/Paired read length: 300 bp
Total bases: 7,823,434,800 bp
Processing SRR14740487 as publicly available data from SRA.
Previously-downloaded sra file was detected at: /Users/4d/Documents/GitHub/metainformant/output/amalgkit/pbarbatus/fastq/getfastq/SRR14740487/SRR14740487.sra
Time elapsed for 1st-round sequence extraction: SRR14740487, 0.0 sec

--- getfastq 1st-round sequence generation report ---
Individual target size: 76,923,076,923,076 bp
Sum of fastp input reads: 0 bp
Sum of fastp output reads: 0 bp

nan% of reads were obtained in the 1st-round sequence generation: 0 bp out of the individual target amount of 76,923,076,923,076 bp
Time elapsed for 1st-round sequence extraction: SRR14740487, 0.0 sec


Processing SRA ID: SRR14740488
spot_length cannot be obtained directly from metadata. Using total_bases/total_spots instead: 300
Library layout: paired
Number of reads: 27,085,159
Single/Paired read length: 300 bp
Total bases: 8,125,547,700 bp
Processing SRR14740488 as publicly available data from SRA.
Previously-downloaded sra file was not detected. New sra file will be downloaded.
Trying to fetch SRR14740488 from AWS: https://sra-pub-run-odp.s3.amazonaws.com/sra/SRR14740488/SRR14740488
SRA file was downloaded with urllib.request from AWS
Time elapsed for 1st-round sequence extraction: SRR14740488, 2,670.0 sec

--- getfastq 1st-round sequence generation report ---
Individual target size: 76,923,076,923,076 bp
Sum of fastp input reads: 0 bp
Sum of fastp output reads: 0 bp

nan% of reads were obtained in the 1st-round sequence generation: 0 bp out of the individual target amount of 76,923,076,923,076 bp
Time elapsed for 1st-round sequence extraction: SRR14740488, 0.0 sec


Processing SRA ID: SRR14740489
spot_length cannot be obtained directly from metadata. Using total_bases/total_spots instead: 300
Library layout: paired
Number of reads: 30,990,409
Single/Paired read length: 300 bp
Total bases: 9,297,122,700 bp
Processing SRR14740489 as publicly available data from SRA.
Previously-downloaded sra file was not detected. New sra file will be downloaded.
Trying to fetch SRR14740489 from AWS: https://sra-pub-run-odp.s3.amazonaws.com/sra/SRR14740489/SRR14740489
SRA file was downloaded with urllib.request from AWS
Time elapsed for 1st-round sequence extraction: SRR14740489, 5,733.0 sec

--- getfastq 1st-round sequence generation report ---
Individual target size: 76,923,076,923,076 bp
Sum of fastp input reads: 0 bp
Sum of fastp output reads: 0 bp

nan% of reads were obtained in the 1st-round sequence generation: 0 bp out of the individual target amount of 76,923,076,923,076 bp
Time elapsed for 1st-round sequence extraction: SRR14740489, 0.1 sec


Processing SRA ID: SRR14740490
spot_length cannot be obtained directly from metadata. Using total_bases/total_spots instead: 300
Library layout: paired
Number of reads: 28,321,539
Single/Paired read length: 300 bp
Total bases: 8,496,461,700 bp
Processing SRR14740490 as publicly available data from SRA.
Previously-downloaded sra file was not detected. New sra file will be downloaded.
Trying to fetch SRR14740490 from AWS: https://sra-pub-run-odp.s3.amazonaws.com/sra/SRR14740490/SRR14740490
SRA file was downloaded with urllib.request from AWS
Time elapsed for 1st-round sequence extraction: SRR14740490, 6,829.0 sec

--- getfastq 1st-round sequence generation report ---
Individual target size: 76,923,076,923,076 bp
Sum of fastp input reads: 0 bp
Sum of fastp output reads: 0 bp

nan% of reads were obtained in the 1st-round sequence generation: 0 bp out of the individual target amount of 76,923,076,923,076 bp
Time elapsed for 1st-round sequence extraction: SRR14740490, 0.0 sec


Processing SRA ID: SRR14740491
spot_length cannot be obtained directly from metadata. Using total_bases/total_spots instead: 300
Library layout: paired
Number of reads: 25,923,310
Single/Paired read length: 300 bp
Total bases: 7,776,993,000 bp
Processing SRR14740491 as publicly available data from SRA.
Previously-downloaded sra file was not detected. New sra file will be downloaded.
Trying to fetch SRR14740491 from AWS: https://sra-pub-run-odp.s3.amazonaws.com/sra/SRR14740491/SRR14740491
SRA file was downloaded with urllib.request from AWS
Time elapsed for 1st-round sequence extraction: SRR14740491, 7,508.0 sec

--- getfastq 1st-round sequence generation report ---
Individual target size: 76,923,076,923,076 bp
Sum of fastp input reads: 0 bp
Sum of fastp output reads: 0 bp

nan% of reads were obtained in the 1st-round sequence generation: 0 bp out of the individual target amount of 76,923,076,923,076 bp
Time elapsed for 1st-round sequence extraction: SRR14740491, 0.0 sec


Processing SRA ID: SRR14740492
spot_length cannot be obtained directly from metadata. Using total_bases/total_spots instead: 300
Library layout: paired
Number of reads: 26,354,787
Single/Paired read length: 300 bp
Total bases: 7,906,436,100 bp
Processing SRR14740492 as publicly available data from SRA.
Previously-downloaded sra file was not detected. New sra file will be downloaded.
Trying to fetch SRR14740492 from AWS: https://sra-pub-run-odp.s3.amazonaws.com/sra/SRR14740492/SRR14740492
SRA file was downloaded with urllib.request from AWS
Time elapsed for 1st-round sequence extraction: SRR14740492, 8,331.0 sec

--- getfastq 1st-round sequence generation report ---
Individual target size: 76,923,076,923,076 bp
Sum of fastp input reads: 0 bp
Sum of fastp output reads: 0 bp

nan% of reads were obtained in the 1st-round sequence generation: 0 bp out of the individual target amount of 76,923,076,923,076 bp
Time elapsed for 1st-round sequence extraction: SRR14740492, 0.1 sec


Processing SRA ID: SRR14740493
spot_length cannot be obtained directly from metadata. Using total_bases/total_spots instead: 300
Library layout: paired
Number of reads: 25,316,776
Single/Paired read length: 300 bp
Total bases: 7,595,032,800 bp
Processing SRR14740493 as publicly available data from SRA.
Previously-downloaded sra file was not detected. New sra file will be downloaded.
Trying to fetch SRR14740493 from AWS: https://sra-pub-run-odp.s3.amazonaws.com/sra/SRR14740493/SRR14740493
SRA file was downloaded with urllib.request from AWS
Time elapsed for 1st-round sequence extraction: SRR14740493, 9,289.0 sec

--- getfastq 1st-round sequence generation report ---
Individual target size: 76,923,076,923,076 bp
Sum of fastp input reads: 0 bp
Sum of fastp output reads: 0 bp

nan% of reads were obtained in the 1st-round sequence generation: 0 bp out of the individual target amount of 76,923,076,923,076 bp
Time elapsed for 1st-round sequence extraction: SRR14740493, 0.1 sec


Processing SRA ID: SRR1817176
spot_length cannot be obtained directly from metadata. Using total_bases/total_spots instead: 150
Deleting old intermediate file: /Users/4d/Documents/GitHub/metainformant/output/amalgkit/pbarbatus/fastq/getfastq/SRR1817176/SRR1817176_1.fastq.gz
Deleting old intermediate file: /Users/4d/Documents/GitHub/metainformant/output/amalgkit/pbarbatus/fastq/getfastq/SRR1817176/SRR1817176_2.fastq.gz
Library layout: paired
Number of reads: 10,005,571
Single/Paired read length: 150 bp
Total bases: 1,500,835,650 bp
Processing SRR1817176 as publicly available data from SRA.
Previously-downloaded sra file was not detected. New sra file will be downloaded.
Trying to fetch SRR1817176 from AWS: https://sra-pub-run-odp.s3.amazonaws.com/sra/SRR1817176/SRR1817176
SRA file was downloaded with urllib.request from AWS
Time elapsed for 1st-round sequence extraction: SRR1817176, 9,548.0 sec

--- getfastq 1st-round sequence generation report ---
Individual target size: 76,923,076,923,076 bp
Sum of fastp input reads: 0 bp
Sum of fastp output reads: 0 bp

nan% of reads were obtained in the 1st-round sequence generation: 0 bp out of the individual target amount of 76,923,076,923,076 bp
Time elapsed for 1st-round sequence extraction: SRR1817176, 0.1 sec


Processing SRA ID: SRR1817175
spot_length cannot be obtained directly from metadata. Using total_bases/total_spots instead: 150
Library layout: paired
Number of reads: 8,310,415
Single/Paired read length: 150 bp
Total bases: 1,246,562,250 bp
Processing SRR1817175 as publicly available data from SRA.
Previously-downloaded sra file was not detected. New sra file will be downloaded.
Trying to fetch SRR1817175 from AWS: https://sra-pub-run-odp.s3.amazonaws.com/sra/SRR1817175/SRR1817175
SRA file was downloaded with urllib.request from AWS
Time elapsed for 1st-round sequence extraction: SRR1817175, 10,182.0 sec

--- getfastq 1st-round sequence generation report ---
Individual target size: 76,923,076,923,076 bp
Sum of fastp input reads: 0 bp
Sum of fastp output reads: 0 bp

nan% of reads were obtained in the 1st-round sequence generation: 0 bp out of the individual target amount of 76,923,076,923,076 bp
Time elapsed for 1st-round sequence extraction: SRR1817175, 0.1 sec


Processing SRA ID: SRR1817174
spot_length cannot be obtained directly from metadata. Using total_bases/total_spots instead: 150
Library layout: paired
Number of reads: 10,320,365
Single/Paired read length: 150 bp
Total bases: 1,548,054,750 bp
Processing SRR1817174 as publicly available data from SRA.
Previously-downloaded sra file was not detected. New sra file will be downloaded.
Trying to fetch SRR1817174 from AWS: https://sra-pub-run-odp.s3.amazonaws.com/sra/SRR1817174/SRR1817174
SRA file was downloaded with urllib.request from AWS
Time elapsed for 1st-round sequence extraction: SRR1817174, 10,933.0 sec

--- getfastq 1st-round sequence generation report ---
Individual target size: 76,923,076,923,076 bp
Sum of fastp input reads: 0 bp
Sum of fastp output reads: 0 bp

nan% of reads were obtained in the 1st-round sequence generation: 0 bp out of the individual target amount of 76,923,076,923,076 bp
Time elapsed for 1st-round sequence extraction: SRR1817174, 0.1 sec


Processing SRA ID: SRR1814138
spot_length cannot be obtained directly from metadata. Using total_bases/total_spots instead: 150
Library layout: paired
Number of reads: 11,791,509
Single/Paired read length: 150 bp
Total bases: 1,768,726,350 bp
Processing SRR1814138 as publicly available data from SRA.
Previously-downloaded sra file was not detected. New sra file will be downloaded.
Trying to fetch SRR1814138 from AWS: https://sra-pub-run-odp.s3.amazonaws.com/sra/SRR1814138/SRR1814138
SRA file was downloaded with urllib.request from AWS
Time elapsed for 1st-round sequence extraction: SRR1814138, 11,772.0 sec

--- getfastq 1st-round sequence generation report ---
Individual target size: 76,923,076,923,076 bp
Sum of fastp input reads: 0 bp
Sum of fastp output reads: 0 bp

nan% of reads were obtained in the 1st-round sequence generation: 0 bp out of the individual target amount of 76,923,076,923,076 bp
Time elapsed for 1st-round sequence extraction: SRR1814138, 0.0 sec


Processing SRA ID: SRR1814129
spot_length cannot be obtained directly from metadata. Using total_bases/total_spots instead: 150
Library layout: paired
Number of reads: 12,398,422
Single/Paired read length: 150 bp
Total bases: 1,859,763,300 bp
Processing SRR1814129 as publicly available data from SRA.
Previously-downloaded sra file was not detected. New sra file will be downloaded.
Trying to fetch SRR1814129 from AWS: https://sra-pub-run-odp.s3.amazonaws.com/sra/SRR1814129/SRR1814129
SRA file was downloaded with urllib.request from AWS
Time elapsed for 1st-round sequence extraction: SRR1814129, 12,375.0 sec

--- getfastq 1st-round sequence generation report ---
Individual target size: 76,923,076,923,076 bp
Sum of fastp input reads: 0 bp
Sum of fastp output reads: 0 bp

nan% of reads were obtained in the 1st-round sequence generation: 0 bp out of the individual target amount of 76,923,076,923,076 bp
Time elapsed for 1st-round sequence extraction: SRR1814129, 0.1 sec


Processing SRA ID: SRR1910415
spot_length cannot be obtained directly from metadata. Using total_bases/total_spots instead: 150
Library layout: paired
Number of reads: 8,895,231
Single/Paired read length: 150 bp
Total bases: 1,334,284,650 bp
Processing SRR1910415 as publicly available data from SRA.
Previously-downloaded sra file was not detected. New sra file will be downloaded.
Trying to fetch SRR1910415 from AWS: https://sra-pub-run-odp.s3.amazonaws.com/sra/SRR1910415/SRR1910415
SRA file was downloaded with urllib.request from AWS
Time elapsed for 1st-round sequence extraction: SRR1910415, 12,562.0 sec

--- getfastq 1st-round sequence generation report ---
Individual target size: 76,923,076,923,076 bp
Sum of fastp input reads: 0 bp
Sum of fastp output reads: 0 bp

nan% of reads were obtained in the 1st-round sequence generation: 0 bp out of the individual target amount of 76,923,076,923,076 bp
Time elapsed for 1st-round sequence extraction: SRR1910415, 0.1 sec

Sufficient data were obtained in the 1st-round sequence extraction. Proceeding without the 2nd round.
2nd round read extraction improved % bp from 0.00% to 0.00%
Starting SRA file removal.
Deleting SRA file: /Users/4d/Documents/GitHub/metainformant/output/amalgkit/pbarbatus/fastq/getfastq/SRR14740487/SRR14740487.sra
Deleting SRA file: /Users/4d/Documents/GitHub/metainformant/output/amalgkit/pbarbatus/fastq/getfastq/SRR14740488/SRR14740488.sra
Deleting SRA file: /Users/4d/Documents/GitHub/metainformant/output/amalgkit/pbarbatus/fastq/getfastq/SRR14740489/SRR14740489.sra
Deleting SRA file: /Users/4d/Documents/GitHub/metainformant/output/amalgkit/pbarbatus/fastq/getfastq/SRR14740490/SRR14740490.sra
Deleting SRA file: /Users/4d/Documents/GitHub/metainformant/output/amalgkit/pbarbatus/fastq/getfastq/SRR14740491/SRR14740491.sra
Deleting SRA file: /Users/4d/Documents/GitHub/metainformant/output/amalgkit/pbarbatus/fastq/getfastq/SRR14740492/SRR14740492.sra
Deleting SRA file: /Users/4d/Documents/GitHub/metainformant/output/amalgkit/pbarbatus/fastq/getfastq/SRR14740493/SRR14740493.sra
Deleting SRA file: /Users/4d/Documents/GitHub/metainformant/output/amalgkit/pbarbatus/fastq/getfastq/SRR1817176/SRR1817176.sra
Deleting SRA file: /Users/4d/Documents/GitHub/metainformant/output/amalgkit/pbarbatus/fastq/getfastq/SRR1817175/SRR1817175.sra
Deleting SRA file: /Users/4d/Documents/GitHub/metainformant/output/amalgkit/pbarbatus/fastq/getfastq/SRR1817174/SRR1817174.sra
Deleting SRA file: /Users/4d/Documents/GitHub/metainformant/output/amalgkit/pbarbatus/fastq/getfastq/SRR1814138/SRR1814138.sra
Deleting SRA file: /Users/4d/Documents/GitHub/metainformant/output/amalgkit/pbarbatus/fastq/getfastq/SRR1814129/SRR1814129.sra
Deleting SRA file: /Users/4d/Documents/GitHub/metainformant/output/amalgkit/pbarbatus/fastq/getfastq/SRR1910415/SRR1910415.sra



--- getfastq final report ---
Target size (--max_bp): 999,999,999,999,999 bp
Sum of fastp input reads: 0 bp
Sum of fastp output reads: 0 bp
Individual SRA IDs: SRR14740487 SRR14740488 SRR14740489 SRR14740490 SRR14740491 SRR14740492 SRR14740493 SRR1817176 SRR1817175 SRR1817174 SRR1814138 SRR1814129 SRR1910415
Individual fastp input reads (bp): 0 0 0 0 0 0 0 0 0 0 0 0 0
Individual fastp output reads (bp): 0 0 0 0 0 0 0 0 0 0 0 0 0

Time elapsed: 12,563 sec
amalgkit getfastq: end
