[1/5] Ensuring uv is available...
[2/5] Creating/using virtual environment (.venv)
[3/5] Installing project and dev dependencies
[4/5] Installing AMALGKIT via uv
[5/5] Exporting NCBI_EMAIL for this session and recording to output/setup/ncbi_email.txt
Installing external CLI dependencies (requires Homebrew on macOS)...
brew install wget (best-effort)
brew install curl (best-effort)
brew install pigz (best-effort)
brew install parallel (best-effort)
brew install seqkit (best-effort)
brew install samtools (best-effort)
brew install kallisto (best-effort)
brew install r (best-effort)
Attempting to install salmon (best-effort)
Attempting to install sratoolkit (best-effort)
Verifying environment:
Python 3.12.11
metainformant CLI OK
Skipping tests as requested (--skip-tests)
[Extra] Ensuring MUSCLE CLI availability (for MSA tests)
MUSCLE found in PATH
Setup complete. You can run commands with 'uv run <cmd>' or activate: source .venv/bin/activate
amalgkit CLI: /Users/4d/Documents/GitHub/metainformant/.venv/bin/amalgkit
AMALGKIT version: 0.12.19
AMALGKIT command: /Users/4d/Documents/GitHub/metainformant/.venv/bin/amalgkit -h
AMALGKIT bug report: https://github.com/kfuku52/amalgkit/issues
Genome destination (from YAML): output/amalgkit/pbarbatus/genome
Genome directory exists; runner will still verify and proceed.
[RUN] 2025-08-11T01:37:03Z .venv/bin/python -m metainformant rna run-config --config config/amalgkit_pbarbatus.yaml
[01:43:50] starting step 'metadata' -> amalgkit metadata --out_dir /Users/4d/Documents/GitHub/metainformant/output/amalgkit/pbarbatus/work --search_string "Pogonomyrmex barbatus"[Organism] AND RNA-Seq[Strategy] AND Illumina[Platform] --redo yes --entrez_email DanielAriFriedman@gmail.com
[01:43:54] finished step 'metadata' with code 0
[01:43:54] starting step 'integrate' -> amalgkit integrate --threads 6 --fastq_dir output/amalgkit/pbarbatus/fastq --out_dir /Users/4d/Documents/GitHub/metainformant/output/amalgkit/pbarbatus/work
[01:43:54] finished step 'integrate' with code 1
[01:43:54] starting step 'config' -> amalgkit config --out_dir /Users/4d/Documents/GitHub/metainformant/output/amalgkit/pbarbatus/work
[01:43:54] finished step 'config' with code 0
[01:43:54] starting step 'select' -> amalgkit select --out_dir /Users/4d/Documents/GitHub/metainformant/output/amalgkit/pbarbatus/work --metadata /Users/4d/Documents/GitHub/metainformant/output/amalgkit/pbarbatus/work/metadata/metadata.filtered.tissue.tsv --config_dir /Users/4d/Documents/GitHub/metainformant/output/amalgkit/pbarbatus/work/config_base
[01:43:54] finished step 'select' with code 0
[01:43:54] starting step 'getfastq' -> amalgkit getfastq --threads 6 --out_dir /Users/4d/Documents/GitHub/metainformant/output/amalgkit/pbarbatus/fastq --entrez_email DanielAriFriedman@gmail.com --pfd_exe /Users/4d/miniforge3/bin/parallel-fastq-dump --prefetch_exe /opt/homebrew/bin/prefetch --pfd_print --fastp_print
[01:43:54] finished step 'getfastq' with code 2
[01:43:54] starting step 'quant' -> amalgkit quant --threads 6 --out_dir /Users/4d/Documents/GitHub/metainformant/output/amalgkit/pbarbatus/quant
[01:43:54] finished step 'quant' with code 1
[01:43:54] starting step 'merge' -> amalgkit merge --out /Users/4d/Documents/GitHub/metainformant/output/amalgkit/pbarbatus/merged/merged_abundance.tsv --out_dir /Users/4d/Documents/GitHub/metainformant/output/amalgkit/pbarbatus/merged
[01:43:55] finished step 'merge' with code 1
[01:43:55] starting step 'cstmm' -> amalgkit cstmm --out_dir /Users/4d/Documents/GitHub/metainformant/output/amalgkit/pbarbatus/cstmm
[01:43:55] finished step 'cstmm' with code 1
[01:43:55] starting step 'curate' -> amalgkit curate --out_dir /Users/4d/Documents/GitHub/metainformant/output/amalgkit/pbarbatus/curate
[01:43:55] finished step 'curate' with code 1
[01:43:55] starting step 'csca' -> amalgkit csca --out_dir /Users/4d/Documents/GitHub/metainformant/output/amalgkit/pbarbatus/csca
[01:43:55] finished step 'csca' with code 1
[01:43:55] starting step 'sanity' -> amalgkit sanity --out_dir /Users/4d/Documents/GitHub/metainformant/output/amalgkit/pbarbatus/work
[01:43:56] finished step 'sanity' with code 0
Return codes: [0, 0, 1, 0, 0, 2, 1, 1, 1, 1, 1, 0]
